# JRE version: OpenJDK Runtime Environment (8.0_202-b03) (build 1.8.0_202-release-1483-b03)
# Java VM: OpenJDK 64-Bit Server VM (25.202-b03 mixed mode windows-amd64 compressed oops)
Heap:
 PSYoungGen      total 389120K, used 341842K [0x00000000e0000000, 0x00000000fc200000, 0x0000000100000000)
  eden space 351744K, 94% used [0x00000000e0000000,0x00000000f457d628,0x00000000f5780000)
  from space 37376K, 22% used [0x00000000f5780000,0x00000000f5fd7460,0x00000000f7c00000)
  to   space 36352K, 0% used [0x00000000f9e80000,0x00000000f9e80000,0x00000000fc200000)
 ParOldGen       total 202240K, used 110565K [0x00000000a0000000, 0x00000000ac580000, 0x00000000e0000000)
  object space 202240K, 54% used [0x00000000a0000000,0x00000000a6bf9728,0x00000000ac580000)
 Metaspace       used 110264K, capacity 117451K, committed 117708K, reserved 1153024K
  class space    used 14075K, capacity 15298K, committed 15308K, reserved 1048576K
GC Heap History (10 events):
Event: 322.303 GC heap before
{Heap before GC invocations=27 (full 4):
 PSYoungGen      total 302080K, used 14188K [0x00000000e0000000, 0x00000000f6700000, 0x0000000100000000)
  eden space 283648K, 0% used [0x00000000e0000000,0x00000000e0000000,0x00000000f1500000)
  from space 18432K, 76% used [0x00000000f1500000,0x00000000f22db0f0,0x00000000f2700000)
  to   space 19456K, 0% used [0x00000000f5400000,0x00000000f5400000,0x00000000f6700000)
 ParOldGen       total 119296K, used 74889K [0x00000000a0000000, 0x00000000a7480000, 0x00000000e0000000)
  object space 119296K, 62% used [0x00000000a0000000,0x00000000a49226f0,0x00000000a7480000)
 Metaspace       used 93334K, capacity 98297K, committed 98380K, reserved 1134592K
  class space    used 12154K, capacity 13049K, committed 13132K, reserved 1048576K
Event: 322.746 GC heap after
Heap after GC invocations=27 (full 4):
 PSYoungGen      total 302080K, used 0K [0x00000000e0000000, 0x00000000f6700000, 0x0000000100000000)
  eden space 283648K, 0% used [0x00000000e0000000,0x00000000e0000000,0x00000000f1500000)
  from space 18432K, 0% used [0x00000000f1500000,0x00000000f1500000,0x00000000f2700000)
  to   space 19456K, 0% used [0x00000000f5400000,0x00000000f5400000,0x00000000f6700000)
 ParOldGen       total 202240K, used 76962K [0x00000000a0000000, 0x00000000ac580000, 0x00000000e0000000)
  object space 202240K, 38% used [0x00000000a0000000,0x00000000a4b288c8,0x00000000ac580000)
 Metaspace       used 93184K, capacity 97959K, committed 98380K, reserved 1134592K
  class space    used 12113K, capacity 12993K, committed 13132K, reserved 1048576K
}
Event: 343.043 GC heap before
{Heap before GC invocations=28 (full 4):
 PSYoungGen      total 302080K, used 283648K [0x00000000e0000000, 0x00000000f6700000, 0x0000000100000000)
  eden space 283648K, 100% used [0x00000000e0000000,0x00000000f1500000,0x00000000f1500000)
  from space 18432K, 0% used [0x00000000f1500000,0x00000000f1500000,0x00000000f2700000)
  to   space 19456K, 0% used [0x00000000f5400000,0x00000000f5400000,0x00000000f6700000)
 ParOldGen       total 202240K, used 76962K [0x00000000a0000000, 0x00000000ac580000, 0x00000000e0000000)
  object space 202240K, 38% used [0x00000000a0000000,0x00000000a4b288c8,0x00000000ac580000)
 Metaspace       used 100979K, capacity 106187K, committed 106444K, reserved 1142784K
  class space    used 12995K, capacity 13906K, committed 14028K, reserved 1048576K
Event: 343.081 GC heap after
Heap after GC invocations=28 (full 4):
 PSYoungGen      total 342528K, used 19427K [0x00000000e0000000, 0x00000000f7280000, 0x0000000100000000)
  eden space 323072K, 0% used [0x00000000e0000000,0x00000000e0000000,0x00000000f3b80000)
  from space 19456K, 99% used [0x00000000f5400000,0x00000000f66f8d70,0x00000000f6700000)
  to   space 25088K, 0% used [0x00000000f3b80000,0x00000000f3b80000,0x00000000f5400000)
 ParOldGen       total 202240K, used 83978K [0x00000000a0000000, 0x00000000ac580000, 0x00000000e0000000)
  object space 202240K, 41% used [0x00000000a0000000,0x00000000a5202b98,0x00000000ac580000)
 Metaspace       used 100979K, capacity 106187K, committed 106444K, reserved 1142784K
  class space    used 12995K, capacity 13906K, committed 14028K, reserved 1048576K
}
Event: 345.469 GC heap before
{Heap before GC invocations=29 (full 4):
 PSYoungGen      total 342528K, used 342499K [0x00000000e0000000, 0x00000000f7280000, 0x0000000100000000)
  eden space 323072K, 100% used [0x00000000e0000000,0x00000000f3b80000,0x00000000f3b80000)
  from space 19456K, 99% used [0x00000000f5400000,0x00000000f66f8d70,0x00000000f6700000)
  to   space 25088K, 0% used [0x00000000f3b80000,0x00000000f3b80000,0x00000000f5400000)
 ParOldGen       total 202240K, used 83978K [0x00000000a0000000, 0x00000000ac580000, 0x00000000e0000000)
  object space 202240K, 41% used [0x00000000a0000000,0x00000000a5202b98,0x00000000ac580000)
 Metaspace       used 103815K, capacity 109095K, committed 109388K, reserved 1144832K
  class space    used 13372K, capacity 14304K, committed 14412K, reserved 1048576K
Event: 345.495 GC heap after
Heap after GC invocations=29 (full 4):
 PSYoungGen      total 348160K, used 23373K [0x00000000e0000000, 0x00000000f9780000, 0x0000000100000000)
  eden space 323072K, 0% used [0x00000000e0000000,0x00000000e0000000,0x00000000f3b80000)
  from space 25088K, 93% used [0x00000000f3b80000,0x00000000f5253660,0x00000000f5400000)
  to   space 28160K, 0% used [0x00000000f7c00000,0x00000000f7c00000,0x00000000f9780000)
 ParOldGen       total 202240K, used 83986K [0x00000000a0000000, 0x00000000ac580000, 0x00000000e0000000)
  object space 202240K, 41% used [0x00000000a0000000,0x00000000a5204b98,0x00000000ac580000)
 Metaspace       used 103815K, capacity 109095K, committed 109388K, reserved 1144832K
  class space    used 13372K, capacity 14304K, committed 14412K, reserved 1048576K
}
Event: 352.953 GC heap before
{Heap before GC invocations=30 (full 4):
 PSYoungGen      total 348160K, used 346445K [0x00000000e0000000, 0x00000000f9780000, 0x0000000100000000)
  eden space 323072K, 100% used [0x00000000e0000000,0x00000000f3b80000,0x00000000f3b80000)
  from space 25088K, 93% used [0x00000000f3b80000,0x00000000f5253660,0x00000000f5400000)
  to   space 28160K, 0% used [0x00000000f7c00000,0x00000000f7c00000,0x00000000f9780000)
 ParOldGen       total 202240K, used 83986K [0x00000000a0000000, 0x00000000ac580000, 0x00000000e0000000)
  object space 202240K, 41% used [0x00000000a0000000,0x00000000a5204b98,0x00000000ac580000)
 Metaspace       used 105529K, capacity 111409K, committed 111692K, reserved 1146880K
  class space    used 13580K, capacity 14615K, committed 14668K, reserved 1048576K
Event: 353.070 GC heap after
Heap after GC invocations=30 (full 4):
 PSYoungGen      total 379904K, used 28149K [0x00000000e0000000, 0x00000000fab00000, 0x0000000100000000)
  eden space 351744K, 0% used [0x00000000e0000000,0x00000000e0000000,0x00000000f5780000)
  from space 28160K, 99% used [0x00000000f7c00000,0x00000000f977d4b8,0x00000000f9780000)
  to   space 37376K, 0% used [0x00000000f5780000,0x00000000f5780000,0x00000000f7c00000)
 ParOldGen       total 202240K, used 97042K [0x00000000a0000000, 0x00000000ac580000, 0x00000000e0000000)
  object space 202240K, 47% used [0x00000000a0000000,0x00000000a5ec4950,0x00000000ac580000)
 Metaspace       used 105529K, capacity 111409K, committed 111692K, reserved 1146880K
  class space    used 13580K, capacity 14615K, committed 14668K, reserved 1048576K
}
Event: 919.378 GC heap before
{Heap before GC invocations=31 (full 4):
 PSYoungGen      total 379904K, used 379893K [0x00000000e0000000, 0x00000000fab00000, 0x0000000100000000)
  eden space 351744K, 100% used [0x00000000e0000000,0x00000000f5780000,0x00000000f5780000)
  from space 28160K, 99% used [0x00000000f7c00000,0x00000000f977d4b8,0x00000000f9780000)
  to   space 37376K, 0% used [0x00000000f5780000,0x00000000f5780000,0x00000000f7c00000)
 ParOldGen       total 202240K, used 97042K [0x00000000a0000000, 0x00000000ac580000, 0x00000000e0000000)
  object space 202240K, 47% used [0x00000000a0000000,0x00000000a5ec4950,0x00000000ac580000)
 Metaspace       used 107960K, capacity 114685K, committed 114892K, reserved 1148928K
  class space    used 13854K, capacity 14963K, committed 15052K, reserved 1048576K
Event: 919.423 GC heap after
Heap after GC invocations=31 (full 4):
 PSYoungGen      total 389120K, used 8541K [0x00000000e0000000, 0x00000000fc200000, 0x0000000100000000)
  eden space 351744K, 0% used [0x00000000e0000000,0x00000000e0000000,0x00000000f5780000)
  from space 37376K, 22% used [0x00000000f5780000,0x00000000f5fd7460,0x00000000f7c00000)
  to   space 36352K, 0% used [0x00000000f9e80000,0x00000000f9e80000,0x00000000fc200000)
 ParOldGen       total 202240K, used 110565K [0x00000000a0000000, 0x00000000ac580000, 0x00000000e0000000)
  object space 202240K, 54% used [0x00000000a0000000,0x00000000a6bf9728,0x00000000ac580000)
 Metaspace       used 107960K, capacity 114685K, committed 114892K, reserved 1148928K
  class space    used 13854K, capacity 14963K, committed 15052K, reserved 1048576K
}

